<?xml version="1.0" encoding="UTF-8"?>
<!-- Generated by org.testng.reporters.JUnitXMLReporter -->
<testsuite hostname="Dharam-PC" ignored="1" name="Simple Test4" tests="2" failures="0" timestamp="14 Mar 2020 18:12:12 GMT" time="194.369" errors="0">
  <testcase name="test10" time="84.25" classname="TestNGFramework.TestNGMavenGitJenkins.Test4"/>
  <testcase name="test9" time="33.634" classname="TestNGFramework.TestNGMavenGitJenkins.Test4"/>
  <testcase name="test11" time="0.0" classname="TestNGFramework.TestNGMavenGitJenkins.Test4">
    <ignored/>
  </testcase> <!-- test11 -->
</testsuite> <!-- Simple Test4 -->
