<?xml version="1.0" encoding="UTF-8"?>
<!-- Generated by org.testng.reporters.JUnitXMLReporter -->
<testsuite hostname="Dharam-PC" ignored="1" name="Simple Test1" tests="2" failures="0" timestamp="16 Jan 2022 10:12:51 GMT" time="48.286" errors="0">
  <testcase name="test11" time="36.024" classname="TestNGFramework.TestNGMavenGitJenkins.Test1"/>
  <testcase name="test12" time="22.083" classname="TestNGFramework.TestNGMavenGitJenkins.Test1"/>
  <testcase name="testpractice" time="0.0" classname="TestNGFramework.TestNGMavenGitJenkins.Test1">
    <ignored/>
  </testcase> <!-- testpractice -->
</testsuite> <!-- Simple Test1 -->
