<?xml version="1.0" encoding="UTF-8"?>
<!-- Generated by org.testng.reporters.JUnitXMLReporter -->
<testsuite hostname="Dharam-PC" ignored="1" name="Simple Test2" tests="2" failures="0" timestamp="11 Aug 2020 15:09:56 GMT" time="29.752" errors="0">
  <testcase name="test3" time="15.061" classname="TestNGFramework.TestNGMavenGitJenkins.Test2"/>
  <testcase name="test4" time="13.113" classname="TestNGFramework.TestNGMavenGitJenkins.Test2"/>
  <testcase name="test5" time="0.0" classname="TestNGFramework.TestNGMavenGitJenkins.Test2">
    <ignored/>
  </testcase> <!-- test5 -->
</testsuite> <!-- Simple Test2 -->
